/Users/bob/workspace/vmstats-turbinedb/vmstats_metrics.scala:20: warning: non-variable type argument String in type pattern Map[String,String] is unchecked since it is eliminated by erasure
			  case Some(map: Map[String, String]) => map
                                         ^
one warning found
scala.sys.process.ProcessImpl$SimpleProcess@114c37d
List(curl, -s, -H, 'Content-Type: application/json', -X, POST, -d, {"timestamp" : 1396555600664, "data" : {"Pages purgeable" : 1468945, "Decompressions" : 52544513, "Pageins" : 112946290, "Pages wired down" : 380735, "\"Translation faults\"" : 2896737950, "Swapouts" : 34979716, "Pages copy-on-write" : 236933059, "Pages stored in compressor" : 2006690, "Pages occupied by compressor" : 349615, "Pages reactivated" : 44785964, "Pages throttled" : 0, "Anonymous pages" : 879161, "Pageouts" : 1056022, "Swapins" : 32711774, "Pages active" : 821017, "Pages speculative" : 159736, "Compressions" : 67551941, "Pages free" : 108581, "File-backed pages" : 378224, "Pages inactive" : 276632, "Pages purged" : 38640320, "Pages zero filled" : 1326673043}}, http://localhost:8080/db/usagestats/vm_stats)
{ "ok": true }/Users/bob/workspace/vmstats-turbinedb/vmstats_metrics.scala:20: warning: non-variable type argument String in type pattern Map[String,String] is unchecked since it is eliminated by erasure
			  case Some(map: Map[String, String]) => map
                                         ^
one warning found
scala.sys.process.ProcessImpl$SimpleProcess@5613e573
List(curl, -s, -H, 'Content-Type: application/json', -X, POST, -d, {"timestamp" : 1396555611896, "data" : {"Pages purgeable" : 1462184, "Decompressions" : 52544859, "Pageins" : 112947326, "Pages wired down" : 397844, "\"Translation faults\"" : 2896887840, "Swapouts" : 34979716, "Pages copy-on-write" : 236944008, "Pages stored in compressor" : 2006376, "Pages occupied by compressor" : 349396, "Pages reactivated" : 44785964, "Pages throttled" : 0, "Anonymous pages" : 867405, "Pageouts" : 1056022, "Swapins" : 32711774, "Pages active" : 809241, "Pages speculative" : 159757, "Compressions" : 67551941, "Pages free" : 103994, "File-backed pages" : 378254, "Pages inactive" : 276661, "Pages purged" : 38640320, "Pages zero filled" : 1326761029}}, http://localhost:8080/db/usagestats/vm_stats)
{ "ok": true }/Users/bob/workspace/vmstats-turbinedb/vmstats_metrics.scala:20: warning: non-variable type argument String in type pattern Map[String,String] is unchecked since it is eliminated by erasure
			  case Some(map: Map[String, String]) => map
                                         ^
one warning found
scala.sys.process.ProcessImpl$SimpleProcess@47dbc53d
List(curl, -s, -H, 'Content-Type: application/json', -X, POST, -d, {"timestamp" : 1396555622787, "data" : {"Pages purgeable" : 1464176, "Decompressions" : 52544995, "Pageins" : 112949443, "Pages wired down" : 396183, "\"Translation faults\"" : 2896995640, "Swapouts" : 34979716, "Pages copy-on-write" : 236949561, "Pages stored in compressor" : 2006258, "Pages occupied by compressor" : 349366, "Pages reactivated" : 44785964, "Pages throttled" : 0, "Anonymous pages" : 870125, "Pageouts" : 1056022, "Swapins" : 32711774, "Pages active" : 811985, "Pages speculative" : 159781, "Compressions" : 67551941, "Pages free" : 102976, "File-backed pages" : 378337, "Pages inactive" : 276696, "Pages purged" : 38640320, "Pages zero filled" : 1326835013}}, http://localhost:8080/db/usagestats/vm_stats)
{ "ok": true }/Users/bob/workspace/vmstats-turbinedb/vmstats_metrics.scala:20: warning: non-variable type argument String in type pattern Map[String,String] is unchecked since it is eliminated by erasure
			  case Some(map: Map[String, String]) => map
                                         ^
one warning found
scala.sys.process.ProcessImpl$SimpleProcess@50c1b7f7
List(curl, -s, -H, 'Content-Type: application/json', -X, POST, -d, {"timestamp" : 1396555633768, "data" : {"Pages purgeable" : 1468863, "Decompressions" : 52545045, "Pageins" : 112950479, "Pages wired down" : 383368, "\"Translation faults\"" : 2897114391, "Swapouts" : 34979716, "Pages copy-on-write" : 236958062, "Pages stored in compressor" : 2006225, "Pages occupied by compressor" : 349429, "Pages reactivated" : 44785964, "Pages throttled" : 0, "Anonymous pages" : 876763, "Pageouts" : 1056022, "Swapins" : 32711838, "Pages active" : 818622, "Pages speculative" : 159796, "Compressions" : 67551941, "Pages free" : 108782, "File-backed pages" : 378357, "Pages inactive" : 276702, "Pages purged" : 38640320, "Pages zero filled" : 1326915506}}, http://localhost:8080/db/usagestats/vm_stats)
{ "ok": true }/Users/bob/workspace/vmstats-turbinedb/vmstats_metrics.scala:20: warning: non-variable type argument String in type pattern Map[String,String] is unchecked since it is eliminated by erasure
			  case Some(map: Map[String, String]) => map
                                         ^
one warning found
List(curl, -s, -H, 'Content-Type: application/json', -X, POST, -d, {"timestamp" : 1396555643854, "data" : {"Pages purgeable" : 1468775, "Decompressions" : 52545081, "Pageins" : 112951518, "Pages wired down" : 383582, "\"Translation faults\"" : 2897230602, "Swapouts" : 34979716, "Pages copy-on-write" : 236962558, "Pages stored in compressor" : 2006206, "Pages occupied by compressor" : 349410, "Pages reactivated" : 44785964, "Pages throttled" : 0, "Anonymous pages" : 877467, "Pageouts" : 1056022, "Swapins" : 32711838, "Pages active" : 819314, "Pages speculative" : 159885, "Compressions" : 67551941, "Pages free" : 107927, "File-backed pages" : 378445, "Pages inactive" : 276713, "Pages purged" : 38640320, "Pages zero filled" : 1326986539}}, http://localhost:8080/db/usagestats/vm_stats)
{ "ok": true }/Users/bob/workspace/vmstats-turbinedb/vmstats_metrics.scala:20: warning: non-variable type argument String in type pattern Map[String,String] is unchecked since it is eliminated by erasure
			  case Some(map: Map[String, String]) => map
                                         ^
one warning found
List(curl, -s, -H, 'Content-Type: application/json', -X, POST, -d, {"timestamp" : 1396555654277, "data" : {"Pages purgeable" : 1438646, "Decompressions" : 52545213, "Pageins" : 112953604, "Pages wired down" : 382038, "\"Translation faults\"" : 2897345971, "Swapouts" : 34979716, "Pages copy-on-write" : 236969124, "Pages stored in compressor" : 2006089, "Pages occupied by compressor" : 349403, "Pages reactivated" : 44785964, "Pages throttled" : 0, "Anonymous pages" : 847119, "Pageouts" : 1056022, "Swapins" : 32711838, "Pages active" : 789163, "Pages speculative" : 159960, "Compressions" : 67551941, "Pages free" : 139501, "File-backed pages" : 378611, "Pages inactive" : 276607, "Pages purged" : 38640320, "Pages zero filled" : 1327071604}}, http://localhost:8080/db/usagestats/vm_stats)
{ "ok": true }/Users/bob/workspace/vmstats-turbinedb/vmstats_metrics.scala:20: warning: non-variable type argument String in type pattern Map[String,String] is unchecked since it is eliminated by erasure
			  case Some(map: Map[String, String]) => map
                                         ^
one warning found
List(curl, -s, -H, 'Content-Type: application/json', -X, POST, -d, {"timestamp" : 1396555664378, "data" : {"Pages purgeable" : 1438328, "Decompressions" : 52545251, "Pageins" : 112954640, "Pages wired down" : 382557, "\"Translation faults\"" : 2897464660, "Swapouts" : 34979716, "Pages copy-on-write" : 236973846, "Pages stored in compressor" : 2006068, "Pages occupied by compressor" : 349380, "Pages reactivated" : 44785964, "Pages throttled" : 0, "Anonymous pages" : 847835, "Pageouts" : 1056022, "Swapins" : 32711838, "Pages active" : 789902, "Pages speculative" : 160004, "Compressions" : 67551941, "Pages free" : 138311, "File-backed pages" : 378676, "Pages inactive" : 276605, "Pages purged" : 38640320, "Pages zero filled" : 1327146465}}, http://localhost:8080/db/usagestats/vm_stats)
{ "ok": true }/Users/bob/workspace/vmstats-turbinedb/vmstats_metrics.scala:20: warning: non-variable type argument String in type pattern Map[String,String] is unchecked since it is eliminated by erasure
			  case Some(map: Map[String, String]) => map
                                         ^
one warning found
List(curl, -s, -H, 'Content-Type: application/json', -X, POST, -d, {"timestamp" : 1396555674563, "data" : {"Pages purgeable" : 1438328, "Decompressions" : 52545320, "Pageins" : 112955673, "Pages wired down" : 382563, "\"Translation faults\"" : 2897585163, "Swapouts" : 34979716, "Pages copy-on-write" : 236978242, "Pages stored in compressor" : 2006016, "Pages occupied by compressor" : 349292, "Pages reactivated" : 44785964, "Pages throttled" : 0, "Anonymous pages" : 847024, "Pageouts" : 1056022, "Swapins" : 32711838, "Pages active" : 789078, "Pages speculative" : 160002, "Compressions" : 67551941, "Pages free" : 138997, "File-backed pages" : 378676, "Pages inactive" : 276620, "Pages purged" : 38640320, "Pages zero filled" : 1327221037}}, http://localhost:8080/db/usagestats/vm_stats)
{ "ok": true }/Users/bob/workspace/vmstats-turbinedb/vmstats_metrics.scala:20: warning: non-variable type argument String in type pattern Map[String,String] is unchecked since it is eliminated by erasure
			  case Some(map: Map[String, String]) => map
                                         ^
one warning found
List(curl, -s, -H, 'Content-Type: application/json', -X, POST, -d, {"timestamp" : 1396555684774, "data" : {"Pages purgeable" : 1437514, "Decompressions" : 52545385, "Pageins" : 112956709, "Pages wired down" : 381635, "\"Translation faults\"" : 2897713238, "Swapouts" : 34979716, "Pages copy-on-write" : 236982801, "Pages stored in compressor" : 2005968, "Pages occupied by compressor" : 349292, "Pages reactivated" : 44785964, "Pages throttled" : 0, "Anonymous pages" : 848652, "Pageouts" : 1056022, "Swapins" : 32711838, "Pages active" : 790730, "Pages speculative" : 160027, "Compressions" : 67551941, "Pages free" : 138579, "File-backed pages" : 378715, "Pages inactive" : 276610, "Pages purged" : 38640320, "Pages zero filled" : 1327303600}}, http://localhost:8080/db/usagestats/vm_stats)
{ "ok": true }/Users/bob/workspace/vmstats-turbinedb/vmstats_metrics.scala:20: warning: non-variable type argument String in type pattern Map[String,String] is unchecked since it is eliminated by erasure
			  case Some(map: Map[String, String]) => map
                                         ^
one warning found
List(curl, -s, -H, 'Content-Type: application/json', -X, POST, -d, {"timestamp" : 1396555696984, "data" : {"Pages purgeable" : 1437333, "Decompressions" : 52546075, "Pageins" : 112959238, "Pages wired down" : 386179, "\"Translation faults\"" : 2897900685, "Swapouts" : 34979716, "Pages copy-on-write" : 236991731, "Pages stored in compressor" : 2005257, "Pages occupied by compressor" : 349081, "Pages reactivated" : 44785964, "Pages throttled" : 0, "Anonymous pages" : 851520, "Pageouts" : 1056022, "Swapins" : 32711838, "Pages active" : 794395, "Pages speculative" : 160887, "Compressions" : 67551941, "Pages free" : 129020, "File-backed pages" : 380680, "Pages inactive" : 276918, "Pages purged" : 38640320, "Pages zero filled" : 1327420718}}, http://localhost:8080/db/usagestats/vm_stats)
{ "ok": true }/Users/bob/workspace/vmstats-turbinedb/vmstats_metrics.scala:20: warning: non-variable type argument String in type pattern Map[String,String] is unchecked since it is eliminated by erasure
			  case Some(map: Map[String, String]) => map
                                         ^
one warning found
List(curl, -s, -H, 'Content-Type: application/json', -X, POST, -d, {"timestamp" : 1396555707081, "data" : {"Pages purgeable" : 1444634, "Decompressions" : 52546659, "Pageins" : 112960302, "Pages wired down" : 383489, "\"Translation faults\"" : 2898155676, "Swapouts" : 34979716, "Pages copy-on-write" : 237007562, "Pages stored in compressor" : 2004685, "Pages occupied by compressor" : 348927, "Pages reactivated" : 44785969, "Pages throttled" : 0, "Anonymous pages" : 866250, "Pageouts" : 1056022, "Swapins" : 32711966, "Pages active" : 803873, "Pages speculative" : 160950, "Compressions" : 67551941, "Pages free" : 117149, "File-backed pages" : 380844, "Pages inactive" : 282271, "Pages purged" : 38640320, "Pages zero filled" : 1327567791}}, http://localhost:8080/db/usagestats/vm_stats)
{ "ok": true }/Users/bob/workspace/vmstats-turbinedb/vmstats_metrics.scala:20: warning: non-variable type argument String in type pattern Map[String,String] is unchecked since it is eliminated by erasure
			  case Some(map: Map[String, String]) => map
                                         ^
one warning found
List(curl, -s, -H, 'Content-Type: application/json', -X, POST, -d, {"timestamp" : 1396555716400, "data" : {"Pages purgeable" : 1444583, "Decompressions" : 52547217, "Pageins" : 112961355, "Pages wired down" : 380822, "\"Translation faults\"" : 2898299203, "Swapouts" : 34979716, "Pages copy-on-write" : 237017731, "Pages stored in compressor" : 2004142, "Pages occupied by compressor" : 349612, "Pages reactivated" : 44785969, "Pages throttled" : 0, "Anonymous pages" : 869624, "Pageouts" : 1056022, "Swapins" : 32712659, "Pages active" : 807369, "Pages speculative" : 161016, "Compressions" : 67551941, "Pages free" : 115624, "File-backed pages" : 380953, "Pages inactive" : 282192, "Pages purged" : 38640320, "Pages zero filled" : 1327656500}}, http://localhost:8080/db/usagestats/vm_stats)
{ "ok": true }/Users/bob/workspace/vmstats-turbinedb/vmstats_metrics.scala:20: warning: non-variable type argument String in type pattern Map[String,String] is unchecked since it is eliminated by erasure
			  case Some(map: Map[String, String]) => map
                                         ^
one warning found
List(curl, -s, -H, 'Content-Type: application/json', -X, POST, -d, {"timestamp" : 1396555725954, "data" : {"Pages purgeable" : 1443861, "Decompressions" : 52547683, "Pageins" : 112962579, "Pages wired down" : 391009, "\"Translation faults\"" : 2898470786, "Swapouts" : 34979716, "Pages copy-on-write" : 237033562, "Pages stored in compressor" : 2003694, "Pages occupied by compressor" : 349811, "Pages reactivated" : 44785969, "Pages throttled" : 0, "Anonymous pages" : 858798, "Pageouts" : 1056022, "Swapins" : 32712915, "Pages active" : 796704, "Pages speculative" : 162446, "Compressions" : 67551941, "Pages free" : 113369, "File-backed pages" : 383500, "Pages inactive" : 283148, "Pages purged" : 38640320, "Pages zero filled" : 1327741053}}, http://localhost:8080/db/usagestats/vm_stats)
{ "ok": true }/Users/bob/workspace/vmstats-turbinedb/vmstats_metrics.scala:20: warning: non-variable type argument String in type pattern Map[String,String] is unchecked since it is eliminated by erasure
			  case Some(map: Map[String, String]) => map
                                         ^
one warning found
List(curl, -s, -H, 'Content-Type: application/json', -X, POST, -d, {"timestamp" : 1396555736146, "data" : {"Pages purgeable" : 1443681, "Decompressions" : 52547777, "Pageins" : 112964643, "Pages wired down" : 381863, "\"Translation faults\"" : 2898629598, "Swapouts" : 34979716, "Pages copy-on-write" : 237047298, "Pages stored in compressor" : 2003617, "Pages occupied by compressor" : 349811, "Pages reactivated" : 44785969, "Pages throttled" : 0, "Anonymous pages" : 866742, "Pageouts" : 1056022, "Swapins" : 32712915, "Pages active" : 804648, "Pages speculative" : 162426, "Compressions" : 67551941, "Pages free" : 114914, "File-backed pages" : 383476, "Pages inactive" : 283144, "Pages purged" : 38640320, "Pages zero filled" : 1327818719}}, http://localhost:8080/db/usagestats/vm_stats)
{ "ok": true }/Users/bob/workspace/vmstats-turbinedb/vmstats_metrics.scala:20: warning: non-variable type argument String in type pattern Map[String,String] is unchecked since it is eliminated by erasure
			  case Some(map: Map[String, String]) => map
                                         ^
one warning found
List(curl, -s, -H, 'Content-Type: application/json', -X, POST, -d, {"timestamp" : 1396555746407, "data" : {"Pages purgeable" : 1445945, "Decompressions" : 52547859, "Pageins" : 112965676, "Pages wired down" : 381988, "\"Translation faults\"" : 2898760174, "Swapouts" : 34979716, "Pages copy-on-write" : 237053420, "Pages stored in compressor" : 2003553, "Pages occupied by compressor" : 349799, "Pages reactivated" : 44785969, "Pages throttled" : 0, "Anonymous pages" : 867702, "Pageouts" : 1056022, "Swapins" : 32712915, "Pages active" : 805618, "Pages speculative" : 162589, "Compressions" : 67551941, "Pages free" : 113702, "File-backed pages" : 383641, "Pages inactive" : 283136, "Pages purged" : 38640320, "Pages zero filled" : 1327898807}}, http://localhost:8080/db/usagestats/vm_stats)
{ "ok": true }/Users/bob/workspace/vmstats-turbinedb/vmstats_metrics.scala:20: warning: non-variable type argument String in type pattern Map[String,String] is unchecked since it is eliminated by erasure
			  case Some(map: Map[String, String]) => map
                                         ^
/Users/bob/workspace/vmstats-turbinedb/vmstats_metrics.scala:20: warning: non-variable type argument String in type pattern Map[String,String] is unchecked since it is eliminated by erasure
			  case Some(map: Map[String, String]) => map
                                         ^
one warning found
List(curl, -s, -H, 'Content-Type: application/json', -X, POST, -d, {"timestamp" : 1396555786195, "data" : {"Pages purgeable" : 1446170, "Decompressions" : 52550174, "Pageins" : 112971888, "Pages wired down" : 383492, "\"Translation faults\"" : 2899261823, "Swapouts" : 34979716, "Pages copy-on-write" : 237089185, "Pages stored in compressor" : 1973042, "Pages occupied by compressor" : 350959, "Pages reactivated" : 44785969, "Pages throttled" : 0, "Anonymous pages" : 909245, "Pageouts" : 1056022, "Swapins" : 32716987, "Pages active" : 847205, "Pages speculative" : 165628, "Compressions" : 67551941, "Pages free" : 53332, "File-backed pages" : 399806, "Pages inactive" : 296218, "Pages purged" : 38640320, "Pages zero filled" : 1328155948}}, http://localhost:8080/db/usagestats/vm_stats)
{ "ok": true }/Users/bob/workspace/vmstats-turbinedb/vmstats_metrics.scala:20: warning: non-variable type argument String in type pattern Map[String,String] is unchecked since it is eliminated by erasure
			  case Some(map: Map[String, String]) => map
                                         ^
one warning found
List(curl, -s, -H, 'Content-Type: application/json', -X, POST, -d, {"timestamp" : 1396555796042, "data" : {"Pages purgeable" : 1445847, "Decompressions" : 52550193, "Pageins" : 112973348, "Pages wired down" : 383056, "\"Translation faults\"" : 2899367954, "Swapouts" : 34979716, "Pages copy-on-write" : 237093392, "Pages stored in compressor" : 1973023, "Pages occupied by compressor" : 351215, "Pages reactivated" : 44785969, "Pages throttled" : 0, "Anonymous pages" : 909264, "Pageouts" : 1056022, "Swapins" : 32717243, "Pages active" : 847095, "Pages speculative" : 165620, "Compressions" : 67551941, "Pages free" : 53662, "File-backed pages" : 399693, "Pages inactive" : 296242, "Pages purged" : 38640320, "Pages zero filled" : 1328226562}}, http://localhost:8080/db/usagestats/vm_stats)
{ "ok": true }/Users/bob/workspace/vmstats-turbinedb/vmstats_metrics.scala:20: warning: non-variable type argument String in type pattern Map[String,String] is unchecked since it is eliminated by erasure
			  case Some(map: Map[String, String]) => map
                                         ^
one warning found
List(curl, -s, -H, 'Content-Type: application/json', -X, POST, -d, {"timestamp" : 1396555807029, "data" : {"Pages purgeable" : 1446468, "Decompressions" : 52550400, "Pageins" : 112973455, "Pages wired down" : 382875, "\"Translation faults\"" : 2899479829, "Swapouts" : 34979716, "Pages copy-on-write" : 237097464, "Pages stored in compressor" : 1972816, "Pages occupied by compressor" : 351311, "Pages reactivated" : 44785969, "Pages throttled" : 0, "Anonymous pages" : 912534, "Pageouts" : 1056022, "Swapins" : 32717413, "Pages active" : 850489, "Pages speculative" : 165775, "Compressions" : 67551941, "Pages free" : 49585, "File-backed pages" : 400058, "Pages inactive" : 296328, "Pages purged" : 38640320, "Pages zero filled" : 1328304983}}, http://localhost:8080/db/usagestats/vm_stats)
{ "ok": true }/Users/bob/workspace/vmstats-turbinedb/vmstats_metrics.scala:20: warning: non-variable type argument String in type pattern Map[String,String] is unchecked since it is eliminated by erasure
			  case Some(map: Map[String, String]) => map
                                         ^
one warning found
List(curl, -s, -H, 'Content-Type: application/json', -X, POST, -d, {"timestamp" : 1396555818378, "data" : {"Pages purgeable" : 1445841, "Decompressions" : 52550641, "Pageins" : 112974661, "Pages wired down" : 385180, "\"Translation faults\"" : 2899628620, "Swapouts" : 34979716, "Pages copy-on-write" : 237103228, "Pages stored in compressor" : 1972470, "Pages occupied by compressor" : 351387, "Pages reactivated" : 44785969, "Pages throttled" : 0, "Anonymous pages" : 917497, "Pageouts" : 1056022, "Swapins" : 32717713, "Pages active" : 856006, "Pages speculative" : 165824, "Compressions" : 67551941, "Pages free" : 41759, "File-backed pages" : 400798, "Pages inactive" : 296465, "Pages purged" : 38640320, "Pages zero filled" : 1328389233}}, http://localhost:8080/db/usagestats/vm_stats)
{ "ok": true }/Users/bob/workspace/vmstats-turbinedb/vmstats_metrics.scala:20: warning: non-variable type argument String in type pattern Map[String,String] is unchecked since it is eliminated by erasure
			  case Some(map: Map[String, String]) => map
                                         ^
one warning found
List(curl, -s, -H, 'Content-Type: application/json', -X, POST, -d, {"timestamp" : 1396555828615, "data" : {"Pages purgeable" : 1446686, "Decompressions" : 52550698, "Pageins" : 112975753, "Pages wired down" : 382160, "\"Translation faults\"" : 2899741351, "Swapouts" : 34979716, "Pages copy-on-write" : 237107417, "Pages stored in compressor" : 1972402, "Pages occupied by compressor" : 351449, "Pages reactivated" : 44785969, "Pages throttled" : 0, "Anonymous pages" : 920361, "Pageouts" : 1056022, "Swapins" : 32717777, "Pages active" : 858929, "Pages speculative" : 165723, "Compressions" : 67551941, "Pages free" : 41914, "File-backed pages" : 400765, "Pages inactive" : 296474, "Pages purged" : 38640320, "Pages zero filled" : 1328464930}}, http://localhost:8080/db/usagestats/vm_stats)
{ "ok": true }/Users/bob/workspace/vmstats-turbinedb/vmstats_metrics.scala:20: warning: non-variable type argument String in type pattern Map[String,String] is unchecked since it is eliminated by erasure
			  case Some(map: Map[String, String]) => map
                                         ^
one warning found
List(curl, -s, -H, 'Content-Type: application/json', -X, POST, -d, {"timestamp" : 1396555838846, "data" : {"Pages purgeable" : 1446474, "Decompressions" : 52550796, "Pageins" : 112978484, "Pages wired down" : 383488, "\"Translation faults\"" : 2899868429, "Swapouts" : 34979716, "Pages copy-on-write" : 237112251, "Pages stored in compressor" : 1972304, "Pages occupied by compressor" : 351420, "Pages reactivated" : 44785970, "Pages throttled" : 0, "Anonymous pages" : 913126, "Pageouts" : 1056022, "Swapins" : 32717777, "Pages active" : 851944, "Pages speculative" : 167458, "Compressions" : 67551941, "Pages free" : 45170, "File-backed pages" : 403121, "Pages inactive" : 296845, "Pages purged" : 38640320, "Pages zero filled" : 1328541999}}, http://localhost:8080/db/usagestats/vm_stats)
{ "ok": true }/Users/bob/workspace/vmstats-turbinedb/vmstats_metrics.scala:20: warning: non-variable type argument String in type pattern Map[String,String] is unchecked since it is eliminated by erasure
			  case Some(map: Map[String, String]) => map
                                         ^
one warning found
List(curl, -s, -H, 'Content-Type: application/json', -X, POST, -d, {"timestamp" : 1396555849038, "data" : {"Pages purgeable" : 1446604, "Decompressions" : 52550827, "Pageins" : 112978526, "Pages wired down" : 382078, "\"Translation faults\"" : 2899971684, "Swapouts" : 34979716, "Pages copy-on-write" : 237116330, "Pages stored in compressor" : 1972273, "Pages occupied by compressor" : 351420, "Pages reactivated" : 44785970, "Pages throttled" : 0, "Anonymous pages" : 908412, "Pageouts" : 1056022, "Swapins" : 32717777, "Pages active" : 847283, "Pages speculative" : 167558, "Compressions" : 67551941, "Pages free" : 51434, "File-backed pages" : 403347, "Pages inactive" : 296918, "Pages purged" : 38640320, "Pages zero filled" : 1328611399}}, http://localhost:8080/db/usagestats/vm_stats)
{ "ok": true }/Users/bob/workspace/vmstats-turbinedb/vmstats_metrics.scala:20: warning: non-variable type argument String in type pattern Map[String,String] is unchecked since it is eliminated by erasure
			  case Some(map: Map[String, String]) => map
                                         ^
one warning found
List(curl, -s, -H, 'Content-Type: application/json', -X, POST, -d, {"timestamp" : 1396555859176, "data" : {"Pages purgeable" : 1446239, "Decompressions" : 52550897, "Pageins" : 112979575, "Pages wired down" : 383289, "\"Translation faults\"" : 2900076262, "Swapouts" : 34979716, "Pages copy-on-write" : 237120389, "Pages stored in compressor" : 1972203, "Pages occupied by compressor" : 351416, "Pages reactivated" : 44785970, "Pages throttled" : 0, "Anonymous pages" : 907447, "Pageouts" : 1056022, "Swapins" : 32717777, "Pages active" : 846335, "Pages speculative" : 167558, "Compressions" : 67551941, "Pages free" : 50889, "File-backed pages" : 403376, "Pages inactive" : 296930, "Pages purged" : 38640320, "Pages zero filled" : 1328680916}}, http://localhost:8080/db/usagestats/vm_stats)
{ "ok": true }/Users/bob/workspace/vmstats-turbinedb/vmstats_metrics.scala:20: warning: non-variable type argument String in type pattern Map[String,String] is unchecked since it is eliminated by erasure
			  case Some(map: Map[String, String]) => map
                                         ^
one warning found
List(curl, -s, -H, 'Content-Type: application/json', -X, POST, -d, {"timestamp" : 1396555869304, "data" : {"Pages purgeable" : 1446608, "Decompressions" : 52550929, "Pageins" : 112980697, "Pages wired down" : 382057, "\"Translation faults\"" : 2900182983, "Swapouts" : 34979716, "Pages copy-on-write" : 237124458, "Pages stored in compressor" : 1972171, "Pages occupied by compressor" : 351416, "Pages reactivated" : 44785970, "Pages throttled" : 0, "Anonymous pages" : 908058, "Pageouts" : 1056022, "Swapins" : 32717777, "Pages active" : 847039, "Pages speculative" : 167837, "Compressions" : 67551941, "Pages free" : 50908, "File-backed pages" : 403949, "Pages inactive" : 297131, "Pages purged" : 38640320, "Pages zero filled" : 1328752923}}, http://localhost:8080/db/usagestats/vm_stats)
{ "ok": true }/Users/bob/workspace/vmstats-turbinedb/vmstats_metrics.scala:20: warning: non-variable type argument String in type pattern Map[String,String] is unchecked since it is eliminated by erasure
			  case Some(map: Map[String, String]) => map
                                         ^
one warning found
List(curl, -s, -H, 'Content-Type: application/json', -X, POST, -d, {"timestamp" : 1396555879487, "data" : {"Pages purgeable" : 1447065, "Decompressions" : 52550972, "Pageins" : 112981745, "Pages wired down" : 381342, "\"Translation faults\"" : 2900294014, "Swapouts" : 34979716, "Pages copy-on-write" : 237128535, "Pages stored in compressor" : 1972128, "Pages occupied by compressor" : 351406, "Pages reactivated" : 44785970, "Pages throttled" : 0, "Anonymous pages" : 908923, "Pageouts" : 1056022, "Swapins" : 32717777, "Pages active" : 847515, "Pages speculative" : 167853, "Compressions" : 67551941, "Pages free" : 51183, "File-backed pages" : 403632, "Pages inactive" : 297187, "Pages purged" : 38640320, "Pages zero filled" : 1328827757}}, http://localhost:8080/db/usagestats/vm_stats)
{ "ok": true }/Users/bob/workspace/vmstats-turbinedb/vmstats_metrics.scala:20: warning: non-variable type argument String in type pattern Map[String,String] is unchecked since it is eliminated by erasure
			  case Some(map: Map[String, String]) => map
                                         ^
one warning found
List(curl, -s, -H, 'Content-Type: application/json', -X, POST, -d, {"timestamp" : 1396555889845, "data" : {"Pages purgeable" : 1447257, "Decompressions" : 52550993, "Pageins" : 112982793, "Pages wired down" : 381286, "\"Translation faults\"" : 2900416521, "Swapouts" : 34979716, "Pages copy-on-write" : 237135566, "Pages stored in compressor" : 1972107, "Pages occupied by compressor" : 351406, "Pages reactivated" : 44785970, "Pages throttled" : 0, "Anonymous pages" : 909005, "Pageouts" : 1056022, "Swapins" : 32717777, "Pages active" : 847397, "Pages speculative" : 167803, "Compressions" : 67551941, "Pages free" : 51522, "File-backed pages" : 403361, "Pages inactive" : 297166, "Pages purged" : 38640320, "Pages zero filled" : 1328908014}}, http://localhost:8080/db/usagestats/vm_stats)
{ "ok": true }/Users/bob/workspace/vmstats-turbinedb/vmstats_metrics.scala:20: warning: non-variable type argument String in type pattern Map[String,String] is unchecked since it is eliminated by erasure
			  case Some(map: Map[String, String]) => map
                                         ^
one warning found
List(curl, -s, -H, 'Content-Type: application/json', -X, POST, -d, {"timestamp" : 1396555900067, "data" : {"Pages purgeable" : 1447169, "Decompressions" : 52551002, "Pageins" : 112983826, "Pages wired down" : 381550, "\"Translation faults\"" : 2900525871, "Swapouts" : 34979716, "Pages copy-on-write" : 237139747, "Pages stored in compressor" : 1972098, "Pages occupied by compressor" : 351406, "Pages reactivated" : 44785970, "Pages throttled" : 0, "Anonymous pages" : 909043, "Pageouts" : 1056022, "Swapins" : 32717777, "Pages active" : 847435, "Pages speculative" : 167817, "Compressions" : 67551941, "Pages free" : 51102, "File-backed pages" : 403378, "Pages inactive" : 297169, "Pages purged" : 38640320, "Pages zero filled" : 1328981945}}, http://localhost:8080/db/usagestats/vm_stats)
{ "ok": true }/Users/bob/workspace/vmstats-turbinedb/vmstats_metrics.scala:20: warning: non-variable type argument String in type pattern Map[String,String] is unchecked since it is eliminated by erasure
			  case Some(map: Map[String, String]) => map
                                         ^
one warning found
List(curl, -s, -H, 'Content-Type: application/json', -X, POST, -d, {"timestamp" : 1396555910417, "data" : {"Pages purgeable" : 1447446, "Decompressions" : 52551053, "Pageins" : 112984872, "Pages wired down" : 381560, "\"Translation faults\"" : 2900650892, "Swapouts" : 34979716, "Pages copy-on-write" : 237144383, "Pages stored in compressor" : 1972047, "Pages occupied by compressor" : 351350, "Pages reactivated" : 44785970, "Pages throttled" : 0, "Anonymous pages" : 908530, "Pageouts" : 1056022, "Swapins" : 32717777, "Pages active" : 846917, "Pages speculative" : 167878, "Compressions" : 67551941, "Pages free" : 51789, "File-backed pages" : 403462, "Pages inactive" : 297197, "Pages purged" : 38640320, "Pages zero filled" : 1329060030}}, http://localhost:8080/db/usagestats/vm_stats)
{ "ok": true }/Users/bob/workspace/vmstats-turbinedb/vmstats_metrics.scala:20: warning: non-variable type argument String in type pattern Map[String,String] is unchecked since it is eliminated by erasure
			  case Some(map: Map[String, String]) => map
                                         ^
one warning found
List(curl, -s, -H, 'Content-Type: application/json', -X, POST, -d, {"timestamp" : 1396555920515, "data" : {"Pages purgeable" : 1448392, "Decompressions" : 52551272, "Pageins" : 112986937, "Pages wired down" : 384224, "\"Translation faults\"" : 2900773242, "Swapouts" : 34979716, "Pages copy-on-write" : 237148862, "Pages stored in compressor" : 1971828, "Pages occupied by compressor" : 351702, "Pages reactivated" : 44785970, "Pages throttled" : 0, "Anonymous pages" : 909553, "Pageouts" : 1056022, "Swapins" : 32718161, "Pages active" : 847956, "Pages speculative" : 168072, "Compressions" : 67551941, "Pages free" : 47463, "File-backed pages" : 403658, "Pages inactive" : 297183, "Pages purged" : 38640320, "Pages zero filled" : 1329140254}}, http://localhost:8080/db/usagestats/vm_stats)
{ "ok": true }/Users/bob/workspace/vmstats-turbinedb/vmstats_metrics.scala:20: warning: non-variable type argument String in type pattern Map[String,String] is unchecked since it is eliminated by erasure
			  case Some(map: Map[String, String]) => map
                                         ^
one warning found
List(curl, -s, -H, 'Content-Type: application/json', -X, POST, -d, {"timestamp" : 1396555930884, "data" : {"Pages purgeable" : 1448106, "Decompressions" : 52551332, "Pageins" : 112987983, "Pages wired down" : 384219, "\"Translation faults\"" : 2900992082, "Swapouts" : 34979716, "Pages copy-on-write" : 237158840, "Pages stored in compressor" : 1971768, "Pages occupied by compressor" : 351760, "Pages reactivated" : 44785974, "Pages throttled" : 0, "Anonymous pages" : 895628, "Pageouts" : 1056022, "Swapins" : 32718225, "Pages active" : 839408, "Pages speculative" : 168137, "Compressions" : 67551941, "Pages free" : 61190, "File-backed pages" : 403751, "Pages inactive" : 291834, "Pages purged" : 38640320, "Pages zero filled" : 1329261417}}, http://localhost:8080/db/usagestats/vm_stats)
{ "ok": true }/Users/bob/workspace/vmstats-turbinedb/vmstats_metrics.scala:20: warning: non-variable type argument String in type pattern Map[String,String] is unchecked since it is eliminated by erasure
			  case Some(map: Map[String, String]) => map
                                         ^
one warning found
List(curl, -s, -H, 'Content-Type: application/json', -X, POST, -d, {"timestamp" : 1396555941424, "data" : {"Pages purgeable" : 1447518, "Decompressions" : 52551363, "Pageins" : 112989020, "Pages wired down" : 382182, "\"Translation faults\"" : 2901120809, "Swapouts" : 34979716, "Pages copy-on-write" : 237166149, "Pages stored in compressor" : 1971737, "Pages occupied by compressor" : 351760, "Pages reactivated" : 44785974, "Pages throttled" : 0, "Anonymous pages" : 900043, "Pageouts" : 1056022, "Swapins" : 32718225, "Pages active" : 843812, "Pages speculative" : 168143, "Compressions" : 67551941, "Pages free" : 59026, "File-backed pages" : 403768, "Pages inactive" : 291856, "Pages purged" : 38640320, "Pages zero filled" : 1329345189}}, http://localhost:8080/db/usagestats/vm_stats)
{ "ok": true }/Users/bob/workspace/vmstats-turbinedb/vmstats_metrics.scala:20: warning: non-variable type argument String in type pattern Map[String,String] is unchecked since it is eliminated by erasure
			  case Some(map: Map[String, String]) => map
                                         ^
one warning found
List(curl, -s, -H, 'Content-Type: application/json', -X, POST, -d, {"timestamp" : 1396555952082, "data" : {"Pages purgeable" : 1449693, "Decompressions" : 52551558, "Pageins" : 112990603, "Pages wired down" : 382721, "\"Translation faults\"" : 2901248670, "Swapouts" : 34979716, "Pages copy-on-write" : 237171224, "Pages stored in compressor" : 1971543, "Pages occupied by compressor" : 351843, "Pages reactivated" : 44785974, "Pages throttled" : 0, "Anonymous pages" : 903075, "Pageouts" : 1056022, "Swapins" : 32718353, "Pages active" : 846913, "Pages speculative" : 168210, "Compressions" : 67551941, "Pages free" : 55069, "File-backed pages" : 403925, "Pages inactive" : 291877, "Pages purged" : 38640320, "Pages zero filled" : 1329429448}}, http://localhost:8080/db/usagestats/vm_stats)
{ "ok": true }/Users/bob/workspace/vmstats-turbinedb/vmstats_metrics.scala:20: warning: non-variable type argument String in type pattern Map[String,String] is unchecked since it is eliminated by erasure
			  case Some(map: Map[String, String]) => map
                                         ^
one warning found
List(curl, -s, -H, 'Content-Type: application/json', -X, POST, -d, {"timestamp" : 1396555962761, "data" : {"Pages purgeable" : 1449093, "Decompressions" : 52551686, "Pageins" : 112992162, "Pages wired down" : 385558, "\"Translation faults\"" : 2901367458, "Swapouts" : 34979716, "Pages copy-on-write" : 237175867, "Pages stored in compressor" : 1971415, "Pages occupied by compressor" : 351785, "Pages reactivated" : 44785974, "Pages throttled" : 0, "Anonymous pages" : 898281, "Pageouts" : 1056022, "Swapins" : 32718353, "Pages active" : 842112, "Pages speculative" : 168096, "Compressions" : 67551941, "Pages free" : 57217, "File-backed pages" : 403817, "Pages inactive" : 291890, "Pages purged" : 38640320, "Pages zero filled" : 1329501008}}, http://localhost:8080/db/usagestats/vm_stats)
{ "ok": true }/Users/bob/workspace/vmstats-turbinedb/vmstats_metrics.scala:20: warning: non-variable type argument String in type pattern Map[String,String] is unchecked since it is eliminated by erasure
			  case Some(map: Map[String, String]) => map
                                         ^
one warning found
List(curl, -s, -H, 'Content-Type: application/json', -X, POST, -d, {"timestamp" : 1396555972955, "data" : {"Pages purgeable" : 1449667, "Decompressions" : 52551725, "Pageins" : 112993323, "Pages wired down" : 384663, "\"Translation faults\"" : 2901484166, "Swapouts" : 34979716, "Pages copy-on-write" : 237180386, "Pages stored in compressor" : 1971376, "Pages occupied by compressor" : 351782, "Pages reactivated" : 44785974, "Pages throttled" : 0, "Anonymous pages" : 899954, "Pageouts" : 1056022, "Swapins" : 32718353, "Pages active" : 843901, "Pages speculative" : 168389, "Compressions" : 67551941, "Pages free" : 55726, "File-backed pages" : 404547, "Pages inactive" : 292211, "Pages purged" : 38640320, "Pages zero filled" : 1329571338}}, http://localhost:8080/db/usagestats/vm_stats)
{ "ok": true }/Users/bob/workspace/vmstats-turbinedb/vmstats_metrics.scala:20: warning: non-variable type argument String in type pattern Map[String,String] is unchecked since it is eliminated by erasure
			  case Some(map: Map[String, String]) => map
                                         ^
one warning found
List(curl, -s, -H, 'Content-Type: application/json', -X, POST, -d, {"timestamp" : 1396555983436, "data" : {"Pages purgeable" : 1449675, "Decompressions" : 52551879, "Pageins" : 112994554, "Pages wired down" : 385586, "\"Translation faults\"" : 2901627229, "Swapouts" : 34979716, "Pages copy-on-write" : 237185915, "Pages stored in compressor" : 1971223, "Pages occupied by compressor" : 351769, "Pages reactivated" : 44785974, "Pages throttled" : 0, "Anonymous pages" : 905605, "Pageouts" : 1056022, "Swapins" : 32718417, "Pages active" : 849725, "Pages speculative" : 168617, "Compressions" : 67551941, "Pages free" : 48601, "File-backed pages" : 405005, "Pages inactive" : 292268, "Pages purged" : 38640320, "Pages zero filled" : 1329654078}}, http://localhost:8080/db/usagestats/vm_stats)
{ "ok": true }/Users/bob/workspace/vmstats-turbinedb/vmstats_metrics.scala:20: warning: non-variable type argument String in type pattern Map[String,String] is unchecked since it is eliminated by erasure
			  case Some(map: Map[String, String]) => map
                                         ^
one warning found
List(curl, -s, -H, 'Content-Type: application/json', -X, POST, -d, {"timestamp" : 1396555993793, "data" : {"Pages purgeable" : 1449987, "Decompressions" : 52552179, "Pageins" : 112996635, "Pages wired down" : 384908, "\"Translation faults\"" : 2901749126, "Swapouts" : 34979716, "Pages copy-on-write" : 237190369, "Pages stored in compressor" : 1970923, "Pages occupied by compressor" : 351770, "Pages reactivated" : 44785974, "Pages throttled" : 0, "Anonymous pages" : 903242, "Pageouts" : 1056022, "Swapins" : 32718545, "Pages active" : 847368, "Pages speculative" : 168658, "Compressions" : 67551941, "Pages free" : 51522, "File-backed pages" : 405101, "Pages inactive" : 292317, "Pages purged" : 38640320, "Pages zero filled" : 1329733863}}, http://localhost:8080/db/usagestats/vm_stats)
{ "ok": true }/Users/bob/workspace/vmstats-turbinedb/vmstats_metrics.scala:20: warning: non-variable type argument String in type pattern Map[String,String] is unchecked since it is eliminated by erasure
			  case Some(map: Map[String, String]) => map
                                         ^
one warning found
List(curl, -s, -H, 'Content-Type: application/json', -X, POST, -d, {"timestamp" : 1396556004091, "data" : {"Pages purgeable" : 1449675, "Decompressions" : 52552228, "Pageins" : 112997692, "Pages wired down" : 385668, "\"Translation faults\"" : 2901868788, "Swapouts" : 34979716, "Pages copy-on-write" : 237194531, "Pages stored in compressor" : 1970874, "Pages occupied by compressor" : 351706, "Pages reactivated" : 44785974, "Pages throttled" : 0, "Anonymous pages" : 901343, "Pageouts" : 1056022, "Swapins" : 32718545, "Pages active" : 845473, "Pages speculative" : 168472, "Compressions" : 67551941, "Pages free" : 52642, "File-backed pages" : 405353, "Pages inactive" : 292751, "Pages purged" : 38640320, "Pages zero filled" : 1329811364}}, http://localhost:8080/db/usagestats/vm_stats)
{ "ok": true }/Users/bob/workspace/vmstats-turbinedb/vmstats_metrics.scala:20: warning: non-variable type argument String in type pattern Map[String,String] is unchecked since it is eliminated by erasure
			  case Some(map: Map[String, String]) => map
                                         ^
one warning found
List(curl, -s, -H, 'Content-Type: application/json', -X, POST, -d, {"timestamp" : 1396556015346, "data" : {"Pages purgeable" : 1439620, "Decompressions" : 52553532, "Pageins" : 112998828, "Pages wired down" : 387963, "\"Translation faults\"" : 2902013086, "Swapouts" : 34979716, "Pages copy-on-write" : 237199489, "Pages stored in compressor" : 1969080, "Pages occupied by compressor" : 351359, "Pages reactivated" : 44785974, "Pages throttled" : 0, "Anonymous pages" : 889569, "Pageouts" : 1056022, "Swapins" : 32718545, "Pages active" : 833367, "Pages speculative" : 168572, "Compressions" : 67551941, "Pages free" : 61465, "File-backed pages" : 405994, "Pages inactive" : 293624, "Pages purged" : 38640320, "Pages zero filled" : 1329898449}}, http://localhost:8080/db/usagestats/vm_stats)
{ "ok": true }/Users/bob/workspace/vmstats-turbinedb/vmstats_metrics.scala:20: warning: non-variable type argument String in type pattern Map[String,String] is unchecked since it is eliminated by erasure
			  case Some(map: Map[String, String]) => map
                                         ^
one warning found
List(curl, -s, -H, 'Content-Type: application/json', -X, POST, -d, {"timestamp" : 1396556025546, "data" : {"Pages purgeable" : 1438321, "Decompressions" : 52553690, "Pageins" : 113000906, "Pages wired down" : 394084, "\"Translation faults\"" : 2902150906, "Swapouts" : 34979716, "Pages copy-on-write" : 237204151, "Pages stored in compressor" : 1968893, "Pages occupied by compressor" : 351331, "Pages reactivated" : 44785974, "Pages throttled" : 0, "Anonymous pages" : 887055, "Pageouts" : 1056022, "Swapins" : 32718545, "Pages active" : 830876, "Pages speculative" : 168566, "Compressions" : 67551941, "Pages free" : 57905, "File-backed pages" : 406160, "Pages inactive" : 293773, "Pages purged" : 38640320, "Pages zero filled" : 1329988178}}, http://localhost:8080/db/usagestats/vm_stats)
{ "ok": true }/Users/bob/workspace/vmstats-turbinedb/vmstats_metrics.scala:20: warning: non-variable type argument String in type pattern Map[String,String] is unchecked since it is eliminated by erasure
			  case Some(map: Map[String, String]) => map
                                         ^
one warning found
List(curl, -s, -H, 'Content-Type: application/json', -X, POST, -d, {"timestamp" : 1396556035781, "data" : {"Pages purgeable" : 1438556, "Decompressions" : 52554215, "Pageins" : 113003136, "Pages wired down" : 384587, "\"Translation faults\"" : 2902282219, "Swapouts" : 34979716, "Pages copy-on-write" : 237211274, "Pages stored in compressor" : 1968368, "Pages occupied by compressor" : 351138, "Pages reactivated" : 44785974, "Pages throttled" : 0, "Anonymous pages" : 893052, "Pageouts" : 1056022, "Swapins" : 32718545, "Pages active" : 838279, "Pages speculative" : 167951, "Compressions" : 67551941, "Pages free" : 60847, "File-backed pages" : 407121, "Pages inactive" : 293943, "Pages purged" : 38640320, "Pages zero filled" : 1330084809}}, http://localhost:8080/db/usagestats/vm_stats)
{ "ok": true }/Users/bob/workspace/vmstats-turbinedb/vmstats_metrics.scala:20: warning: non-variable type argument String in type pattern Map[String,String] is unchecked since it is eliminated by erasure
			  case Some(map: Map[String, String]) => map
                                         ^
one warning found
List(curl, -s, -H, 'Content-Type: application/json', -X, POST, -d, {"timestamp" : 1396556045252, "data" : {"Pages purgeable" : 1444853, "Decompressions" : 52554255, "Pageins" : 113004195, "Pages wired down" : 381953, "\"Translation faults\"" : 2902427064, "Swapouts" : 34979716, "Pages copy-on-write" : 237224049, "Pages stored in compressor" : 1968328, "Pages occupied by compressor" : 351150, "Pages reactivated" : 44785974, "Pages throttled" : 0, "Anonymous pages" : 906156, "Pageouts" : 1056022, "Swapins" : 32718609, "Pages active" : 851425, "Pages speculative" : 167943, "Compressions" : 67551941, "Pages free" : 50299, "File-backed pages" : 407194, "Pages inactive" : 293982, "Pages purged" : 38640320, "Pages zero filled" : 1330172448}}, http://localhost:8080/db/usagestats/vm_stats)
{ "ok": true }/Users/bob/workspace/vmstats-turbinedb/vmstats_metrics.scala:20: warning: non-variable type argument String in type pattern Map[String,String] is unchecked since it is eliminated by erasure
			  case Some(map: Map[String, String]) => map
                                         ^
one warning found
List(curl, -s, -H, 'Content-Type: application/json', -X, POST, -d, {"timestamp" : 1396556055055, "data" : {"Pages purgeable" : 1444685, "Decompressions" : 52554325, "Pageins" : 113005242, "Pages wired down" : 382675, "\"Translation faults\"" : 2902578265, "Swapouts" : 34979716, "Pages copy-on-write" : 237239562, "Pages stored in compressor" : 1968258, "Pages occupied by compressor" : 351116, "Pages reactivated" : 44785974, "Pages throttled" : 0, "Anonymous pages" : 902820, "Pageouts" : 1056022, "Swapins" : 32718609, "Pages active" : 848112, "Pages speculative" : 168004, "Compressions" : 67551941, "Pages free" : 52757, "File-backed pages" : 407277, "Pages inactive" : 293981, "Pages purged" : 38640320, "Pages zero filled" : 1330244266}}, http://localhost:8080/db/usagestats/vm_stats)
{ "ok": true }/Users/bob/workspace/vmstats-turbinedb/vmstats_metrics.scala:20: warning: non-variable type argument String in type pattern Map[String,String] is unchecked since it is eliminated by erasure
			  case Some(map: Map[String, String]) => map
                                         ^
one warning found
List(curl, -s, -H, 'Content-Type: application/json', -X, POST, -d, {"timestamp" : 1396556066373, "data" : {"Pages purgeable" : 1444681, "Decompressions" : 52554370, "Pageins" : 113007304, "Pages wired down" : 382948, "\"Translation faults\"" : 2902731904, "Swapouts" : 34979716, "Pages copy-on-write" : 237250277, "Pages stored in compressor" : 1968214, "Pages occupied by compressor" : 351114, "Pages reactivated" : 44785974, "Pages throttled" : 0, "Anonymous pages" : 900610, "Pageouts" : 1056022, "Swapins" : 32718609, "Pages active" : 845885, "Pages speculative" : 168032, "Compressions" : 67551941, "Pages free" : 54630, "File-backed pages" : 407309, "Pages inactive" : 294002, "Pages purged" : 38640320, "Pages zero filled" : 1330322025}}, http://localhost:8080/db/usagestats/vm_stats)
{ "ok": true }/Users/bob/workspace/vmstats-turbinedb/vmstats_metrics.scala:20: warning: non-variable type argument String in type pattern Map[String,String] is unchecked since it is eliminated by erasure
			  case Some(map: Map[String, String]) => map
                                         ^
one warning found
List(curl, -s, -H, 'Content-Type: application/json', -X, POST, -d, {"timestamp" : 1396556077213, "data" : {"Pages purgeable" : 1446033, "Decompressions" : 52554572, "Pageins" : 113008336, "Pages wired down" : 382199, "\"Translation faults\"" : 2902894974, "Swapouts" : 34979716, "Pages copy-on-write" : 237267420, "Pages stored in compressor" : 1968012, "Pages occupied by compressor" : 351005, "Pages reactivated" : 44785974, "Pages throttled" : 0, "Anonymous pages" : 903147, "Pageouts" : 1056022, "Swapins" : 32718609, "Pages active" : 848433, "Pages speculative" : 168054, "Compressions" : 67551941, "Pages free" : 53060, "File-backed pages" : 407325, "Pages inactive" : 293985, "Pages purged" : 38640320, "Pages zero filled" : 1330396048}}, http://localhost:8080/db/usagestats/vm_stats)
{ "ok": true }